<?xml version="1.0" encoding="UTF-8" standalone="yes" ?>
<test-results name="K:\Development\Delphi\JSONRPC_Experiment\Tests\Win32\Debug\TestJSONRPC.exe" total="37" errors="0" failures="2" ignored="0" inconclusive="0" not-run="0" skipped="0" invalid="0" date="2023-09-17" time="3.719">
  <culture-info current-culture="en" current-uiculture="en" />
  <test-suite type="Assembly" name="TestJSONRPC.exe" executed="true" result="Failure" success="False" time="3.719" asserts="0">
    <results>
        <test-suite type="Namespace" name="TestJSONRPC" executed="true" result="Failure" success="False" time="3.719" asserts="0" >
          <results>
              <test-suite type="Fixture" name="TTestJSONRPCClient" executed="True" result="Failure" success="False" time="3.719" >
                <results>
                  <test-case name="AddDoubles.AddDoubles" executed="True" result="Success" success="True" time="2.167" asserts="0" />
                  <test-case name="AddSomeXY.AddSomeXY" executed="True" result="Success" success="True" time="0.024" asserts="0" />
                  <test-case name="GetSomeDate" executed="True" result="Success" success="True" time="0.025" asserts="0" />
                  <test-case name="GetSomeBool.TestTrue" executed="True" result="Success" success="True" time="0.024" asserts="0" />
                  <test-case name="GetSomeBool.TestFalse" executed="True" result="Success" success="True" time="0.025" asserts="0" />
                  <test-case name="SendEnum" executed="True" result="Success" success="True" time="0.022" asserts="0" />
                  <test-case name="SomeException" executed="True" result="Success" success="True" time="0.035" asserts="0" />
                  <test-case name="SomeSafeCallException.AssignHandler" executed="True" result="Success" success="True" time="0.057" asserts="0" />
                  <test-case name="SomeSafeCallException.NoHandler" executed="True" result="Success" success="True" time="0.054" asserts="0" />
                  <test-case name="SendBool.SendTrue" executed="True" result="Success" success="True" time="0.032" asserts="0" />
                  <test-case name="SendBool.SendFalse" executed="True" result="Success" success="True" time="0.024" asserts="0" />
                  <test-case name="SendByte.SendByte" executed="True" result="Success" success="True" time="0.029" asserts="0" />
                  <test-case name="SendByte.SendByte" executed="True" result="Success" success="True" time="0.026" asserts="0" />
                  <test-case name="SendByte.SendByte" executed="True" result="Success" success="True" time="0.062" asserts="0" />
                  <test-case name="SendByteBool.SendByteBool" executed="True" result="Success" success="True" time="0.026" asserts="0" />
                  <test-case name="SendByteBool.SendByteBool" executed="True" result="Success" success="True" time="0.039" asserts="0" />
                  <test-case name="SendCardinal.SendCardinalMinValue" executed="True" result="Success" success="True" time="0.028" asserts="0" />
                  <test-case name="SendCardinal.SendCardinalMaxValue" executed="True" result="Success" success="True" time="0.022" asserts="0" />
                  <test-case name="SendCurrency.SendCurrencyMinValue" executed="True" result="Success" success="True" time="0.047" asserts="0" />
                  <test-case name="SendCurrency.SendCurrencyMaxValue" executed="True" result="Failure" success="False" time="0.031" asserts="0" >
                    <failure>
                      <message>
                        <![CDATA[ Condition is False when True expected. [Currencies are not the same!] ]]>
                      </message>
                      <stack-trace>
                        <![CDATA[  ]]>
                      </stack-trace>
                    </failure>
                  </test-case>
                  <test-case name="SendDouble.SendDoubleMinValue" executed="True" result="Success" success="True" time="0.029" asserts="0" />
                  <test-case name="SendDouble.SendDoubleMaxValue" executed="True" result="Success" success="True" time="0.024" asserts="0" />
                  <test-case name="SendExtended.SendExtendedMinValue" executed="True" result="Success" success="True" time="0.111" asserts="0" />
                  <test-case name="SendExtended.SendExtendedMaxValue" executed="True" result="Success" success="True" time="0.024" asserts="0" />
                  <test-case name="SendGUID" executed="True" result="Success" success="True" time="0.042" asserts="0" />
                  <test-case name="SendInt64" executed="True" result="Success" success="True" time="0.023" asserts="0" />
                  <test-case name="SendInteger" executed="True" result="Success" success="True" time="0.026" asserts="0" />
                  <test-case name="SendLongWord" executed="True" result="Success" success="True" time="0.042" asserts="0" />
                  <test-case name="SendNativeInt" executed="True" result="Success" success="True" time="0.024" asserts="0" />
                  <test-case name="SendNativeUInt" executed="True" result="Success" success="True" time="0.049" asserts="0" />
                  <test-case name="SendShort" executed="True" result="Success" success="True" time="0.025" asserts="0" />
                  <test-case name="SendSingle" executed="True" result="Failure" success="False" time="0.035" asserts="0" >
                    <failure>
                      <message>
                        <![CDATA[ Expected 9.25594629966E-38 is not equal to actual 0 Singles are not the same! ]]>
                      </message>
                      <stack-trace>
                        <![CDATA[  ]]>
                      </stack-trace>
                    </failure>
                  </test-case>
                  <test-case name="SendSmallInt" executed="True" result="Success" success="True" time="0.020" asserts="0" />
                  <test-case name="SendString" executed="True" result="Success" success="True" time="0.050" asserts="0" />
                  <test-case name="SendUInt64" executed="True" result="Success" success="True" time="0.025" asserts="0" />
                  <test-case name="SendWord" executed="True" result="Success" success="True" time="0.024" asserts="0" />
                  <test-case name="SendWordBool" executed="True" result="Success" success="True" time="0.068" asserts="0" />
                </results>
              </test-suite>
          </results>
        </test-suite>
    </results>
  </test-suite>
</test-results>
