<?xml version="1.0" encoding="UTF-8" standalone="yes" ?>
<test-results name="K:\Development\Delphi\JSONRPC_Experiment\Tests\Win64\Debug\TestJSONRPC.exe" total="37" errors="7" failures="3" ignored="0" inconclusive="0" not-run="0" skipped="0" invalid="0" date="2023-09-10" time="2.189">
  <culture-info current-culture="en" current-uiculture="en" />
  <test-suite type="Assembly" name="TestJSONRPC.exe" executed="true" result="Failure" success="False" time="2.189" asserts="0">
    <results>
        <test-suite type="Namespace" name="TestJSONRPC" executed="true" result="Failure" success="False" time="2.188" asserts="0" >
          <results>
              <test-suite type="Fixture" name="TTestJSONRPCClient" executed="True" result="Failure" success="False" time="2.188" >
                <results>
                  <test-case name="AddSomeXY.AddSomeXY" executed="True" result="Success" success="True" time="2.012" asserts="0" />
                  <test-case name="GetSomeDate" executed="True" result="Success" success="True" time="0.001" asserts="0" />
                  <test-case name="GetSomeBool.TestTrue" executed="True" result="Success" success="True" time="0.001" asserts="0" />
                  <test-case name="GetSomeBool.TestFalse" executed="True" result="Success" success="True" time="0.001" asserts="0" />
                  <test-case name="AddDoubles.AddDoubles" executed="True" result="Success" success="True" time="0.001" asserts="0" />
                  <test-case name="SendEnum" executed="True" result="Success" success="True" time="0.001" asserts="0" />
                  <test-case name="SomeException" executed="True" result="Success" success="True" time="0.001" asserts="0" />
                  <test-case name="SomeSafeCallException.AssignHandler" executed="True" result="Success" success="True" time="0.001" asserts="0" />
                  <test-case name="SomeSafeCallException.NoHandler" executed="True" result="Success" success="True" time="0.000" asserts="0" />
                  <test-case name="SendBool.SendTrue" executed="True" result="Success" success="True" time="0.001" asserts="0" />
                  <test-case name="SendBool.SendFalse" executed="True" result="Success" success="True" time="0.001" asserts="0" />
                  <test-case name="SendByte.SendByte" executed="True" result="Success" success="True" time="0.001" asserts="0" />
                  <test-case name="SendByte.SendByte" executed="True" result="Success" success="True" time="0.005" asserts="0" />
                  <test-case name="SendByte.SendByte" executed="True" result="Success" success="True" time="0.001" asserts="0" />
                  <test-case name="SendByteBool.SendByteBool" executed="True" result="Success" success="True" time="0.001" asserts="0" />
                  <test-case name="SendByteBool.SendByteBool" executed="True" result="Success" success="True" time="0.001" asserts="0" />
                  <test-case name="SendCardinal.SendCardinalMinValue" executed="True" result="Success" success="True" time="0.001" asserts="0" />
                  <test-case name="SendCardinal.SendCardinalMaxValue" executed="True" result="Failure" success="False" time="0.000" asserts="0" >
                    <failure>
                      <message>
                        <![CDATA[ Expected -1 but got 0 Cardinals are not the same! ]]>
                      </message>
                      <stack-trace>
                        <![CDATA[  ]]>
                      </stack-trace>
                    </failure>
                  </test-case>
                  <test-case name="SendCurrency.SendCurrencyMinValue" executed="True" result="Failure" success="False" time="0.001" asserts="0" >
                    <failure>
                      <message>
                        <![CDATA[ Expected -922337203685477.5808 is not equal to actual 0 Currencies are not the same! ]]>
                      </message>
                      <stack-trace>
                        <![CDATA[  ]]>
                      </stack-trace>
                    </failure>
                  </test-case>
                  <test-case name="SendCurrency.SendCurrencyMaxValue" executed="True" result="Failure" success="False" time="0.006" asserts="0" >
                    <failure>
                      <message>
                        <![CDATA[ Expected -922337203685477.5808 is not equal to actual 0 Currencies are not the same! ]]>
                      </message>
                      <stack-trace>
                        <![CDATA[  ]]>
                      </stack-trace>
                    </failure>
                  </test-case>
                  <test-case name="SendDouble.SendDoubleMinValue" executed="True" result="Success" success="True" time="0.000" asserts="0" />
                  <test-case name="SendDouble.SendDoubleMaxValue" executed="True" result="Success" success="True" time="0.000" asserts="0" />
                  <test-case name="SendExtended.SendExtendedMinValue" executed="True" result="Error" success="False" time="0.001" asserts="0" >
                    <failure>
                      <message>
                        <![CDATA[ Value 'code' not found ]]>
                      </message>
                      <stack-trace>
                        <![CDATA[  ]]>
                      </stack-trace>
                    </failure>
                  </test-case>
                  <test-case name="SendExtended.SendExtendedMaxValue" executed="True" result="Error" success="False" time="0.001" asserts="0" >
                    <failure>
                      <message>
                        <![CDATA[ Value 'code' not found ]]>
                      </message>
                      <stack-trace>
                        <![CDATA[  ]]>
                      </stack-trace>
                    </failure>
                  </test-case>
                  <test-case name="SendGUID" executed="True" result="Success" success="True" time="0.001" asserts="0" />
                  <test-case name="SendInt64" executed="True" result="Error" success="False" time="0.001" asserts="0" >
                    <failure>
                      <message>
                        <![CDATA[ Value 'code' not found ]]>
                      </message>
                      <stack-trace>
                        <![CDATA[  ]]>
                      </stack-trace>
                    </failure>
                  </test-case>
                  <test-case name="SendInteger" executed="True" result="Success" success="True" time="0.006" asserts="0" />
                  <test-case name="SendLongWord" executed="True" result="Success" success="True" time="0.001" asserts="0" />
                  <test-case name="SendNativeInt" executed="True" result="Error" success="False" time="0.001" asserts="0" >
                    <failure>
                      <message>
                        <![CDATA[ Value 'code' not found ]]>
                      </message>
                      <stack-trace>
                        <![CDATA[  ]]>
                      </stack-trace>
                    </failure>
                  </test-case>
                  <test-case name="SendNativeUInt" executed="True" result="Error" success="False" time="0.001" asserts="0" >
                    <failure>
                      <message>
                        <![CDATA[ Value 'code' not found ]]>
                      </message>
                      <stack-trace>
                        <![CDATA[  ]]>
                      </stack-trace>
                    </failure>
                  </test-case>
                  <test-case name="SendShort" executed="True" result="Success" success="True" time="0.001" asserts="0" />
                  <test-case name="SendSingle" executed="True" result="Success" success="True" time="0.001" asserts="0" />
                  <test-case name="SendSmallInt" executed="True" result="Success" success="True" time="0.005" asserts="0" />
                  <test-case name="SendString" executed="True" result="Error" success="False" time="0.000" asserts="0" >
                    <failure>
                      <message>
                        <![CDATA[ Access violation at address 0000000000566347 in module 'TestJSONRPC.exe'. Read of address 00000000002F9B78 ]]>
                      </message>
                      <stack-trace>
                        <![CDATA[  ]]>
                      </stack-trace>
                    </failure>
                  </test-case>
                  <test-case name="SendUInt64" executed="True" result="Error" success="False" time="0.001" asserts="0" >
                    <failure>
                      <message>
                        <![CDATA[ Value 'code' not found ]]>
                      </message>
                      <stack-trace>
                        <![CDATA[  ]]>
                      </stack-trace>
                    </failure>
                  </test-case>
                  <test-case name="SendWord" executed="True" result="Success" success="True" time="0.000" asserts="0" />
                  <test-case name="SendWordBool" executed="True" result="Success" success="True" time="0.001" asserts="0" />
                </results>
              </test-suite>
          </results>
        </test-suite>
    </results>
  </test-suite>
</test-results>
